Build started 2015-11-25 13:45:20.
     1>Project "C:\Users\marian\Dropbox\c++\projekty\krypta2\SFMLlibrary\SFMLlibrary.vcxproj" on node 2 (Build target(s)).
     1>ClCompile:
         C:\Program Files\Microsoft Visual Studio 12.0\VC\bin\CL.exe /c /I"C:\SFML-2.2\include" /ZI /nologo /W3 /WX- /sdl /Od /Oy- /D SFML_STATIC /D WIN32 /D _DEBUG /D _WINDOWS /D _UNICODE /D UNICODE /Gm /EHsc /RTC1 /MDd /GS /fp:precise /Zc:wchar_t /Zc:forScope /Fo"Debug\\" /Fd"Debug\vc120.pdb" /Gd /TP /analyze- /errorReport:prompt main.cpp
         main.cpp
     1>c:\users\marian\dropbox\c++\projekty\krypta2\sfmllibrary\funkcje.h(57): warning C4244: 'argument' : conversion from 'double' to 'float', possible loss of data
     1>c:\users\marian\dropbox\c++\projekty\krypta2\sfmllibrary\funkcje.h(57): warning C4244: 'argument' : conversion from 'int' to 'float', possible loss of data
     1>c:\users\marian\dropbox\c++\projekty\krypta2\sfmllibrary\funkcje.h(60): warning C4244: 'initializing' : conversion from 'float' to 'const int', possible loss of data
     1>c:\users\marian\dropbox\c++\projekty\krypta2\sfmllibrary\funkcje.h(69): warning C4244: 'argument' : conversion from 'double' to 'float', possible loss of data
     1>c:\users\marian\dropbox\c++\projekty\krypta2\sfmllibrary\funkcje.h(69): warning C4244: 'argument' : conversion from 'int' to 'float', possible loss of data
     1>c:\users\marian\dropbox\c++\projekty\krypta2\sfmllibrary\main.cpp(62): warning C4244: 'initializing' : conversion from 'double' to 'int', possible loss of data
     1>c:\users\marian\dropbox\c++\projekty\krypta2\sfmllibrary\main.cpp(82): warning C4244: 'argument' : conversion from 'double' to 'float', possible loss of data
     1>c:\users\marian\dropbox\c++\projekty\krypta2\sfmllibrary\main.cpp(83): warning C4244: 'argument' : conversion from 'double' to 'float', possible loss of data
     1>c:\users\marian\dropbox\c++\projekty\krypta2\sfmllibrary\main.cpp(83): warning C4244: 'argument' : conversion from 'int' to 'float', possible loss of data
     1>c:\users\marian\dropbox\c++\projekty\krypta2\sfmllibrary\main.cpp(84): warning C4244: 'argument' : conversion from 'double' to 'float', possible loss of data
     1>c:\users\marian\dropbox\c++\projekty\krypta2\sfmllibrary\main.cpp(84): warning C4244: 'argument' : conversion from 'int' to 'float', possible loss of data
     1>c:\users\marian\dropbox\c++\projekty\krypta2\sfmllibrary\main.cpp(95): warning C4244: 'argument' : conversion from 'double' to 'float', possible loss of data
     1>c:\users\marian\dropbox\c++\projekty\krypta2\sfmllibrary\main.cpp(95): warning C4244: 'argument' : conversion from 'int' to 'float', possible loss of data
     1>c:\users\marian\dropbox\c++\projekty\krypta2\sfmllibrary\main.cpp(101): warning C4244: 'argument' : conversion from 'double' to 'float', possible loss of data
     1>c:\users\marian\dropbox\c++\projekty\krypta2\sfmllibrary\main.cpp(101): warning C4244: 'argument' : conversion from 'int' to 'float', possible loss of data
     1>c:\users\marian\dropbox\c++\projekty\krypta2\sfmllibrary\main.cpp(107): warning C4244: 'argument' : conversion from 'double' to 'float', possible loss of data
     1>c:\users\marian\dropbox\c++\projekty\krypta2\sfmllibrary\main.cpp(107): warning C4244: 'argument' : conversion from 'int' to 'float', possible loss of data
     1>c:\users\marian\dropbox\c++\projekty\krypta2\sfmllibrary\main.cpp(114): warning C4244: 'argument' : conversion from 'double' to 'float', possible loss of data
     1>c:\users\marian\dropbox\c++\projekty\krypta2\sfmllibrary\main.cpp(114): warning C4244: 'argument' : conversion from 'int' to 'float', possible loss of data
     1>c:\users\marian\dropbox\c++\projekty\krypta2\sfmllibrary\main.cpp(136): warning C4244: 'argument' : conversion from 'double' to 'float', possible loss of data
     1>c:\users\marian\dropbox\c++\projekty\krypta2\sfmllibrary\main.cpp(137): warning C4244: 'argument' : conversion from 'double' to 'float', possible loss of data
     1>c:\users\marian\dropbox\c++\projekty\krypta2\sfmllibrary\main.cpp(316): warning C4244: 'argument' : conversion from 'double' to 'float', possible loss of data
     1>c:\users\marian\dropbox\c++\projekty\krypta2\sfmllibrary\main.cpp(316): warning C4244: 'argument' : conversion from 'int' to 'float', possible loss of data
     1>c:\users\marian\dropbox\c++\projekty\krypta2\sfmllibrary\main.cpp(322): warning C4244: 'argument' : conversion from 'double' to 'float', possible loss of data
     1>c:\users\marian\dropbox\c++\projekty\krypta2\sfmllibrary\main.cpp(322): warning C4244: 'argument' : conversion from 'int' to 'float', possible loss of data
     1>c:\users\marian\dropbox\c++\projekty\krypta2\sfmllibrary\main.cpp(410): warning C4244: 'argument' : conversion from 'int' to 'float', possible loss of data
     1>c:\users\marian\dropbox\c++\projekty\krypta2\sfmllibrary\main.cpp(410): warning C4244: 'argument' : conversion from 'double' to 'float', possible loss of data
     1>c:\users\marian\dropbox\c++\projekty\krypta2\sfmllibrary\main.cpp(436): warning C4244: 'argument' : conversion from 'int' to 'float', possible loss of data
     1>c:\users\marian\dropbox\c++\projekty\krypta2\sfmllibrary\main.cpp(436): warning C4244: 'argument' : conversion from 'double' to 'float', possible loss of data
     1>c:\users\marian\dropbox\c++\projekty\krypta2\sfmllibrary\main.cpp(476): warning C4244: 'argument' : conversion from 'double' to 'float', possible loss of data
     1>c:\users\marian\dropbox\c++\projekty\krypta2\sfmllibrary\main.cpp(487): warning C4244: 'argument' : conversion from 'double' to 'float', possible loss of data
     1>c:\users\marian\dropbox\c++\projekty\krypta2\sfmllibrary\main.cpp(514): warning C4244: 'argument' : conversion from 'double' to 'float', possible loss of data
     1>c:\users\marian\dropbox\c++\projekty\krypta2\sfmllibrary\funkcje.h(33): warning C4715: 'One_line_option' : not all control paths return a value
       Link:
         C:\Program Files\Microsoft Visual Studio 12.0\VC\bin\link.exe /ERRORREPORT:PROMPT /OUT:"C:\Users\marian\Dropbox\c++\projekty\krypta2\Debug\SFMLlibrary.exe" /INCREMENTAL /NOLOGO /LIBPATH:"C:\SFML-2.2\lib" "sfml-audio-s-d.lib" "sfml-graphics-s-d.lib" "sfml-network-s-d.lib" "sfml-system-s-d.lib" "sfml-window-s-d.lib" glew.lib freetype.lib jpeg.lib opengl32.lib gdi32.lib winmm.lib sndfile.lib openal32.lib ws2_32.lib kernel32.lib user32.lib gdi32.lib winspool.lib comdlg32.lib advapi32.lib shell32.lib ole32.lib oleaut32.lib uuid.lib odbc32.lib odbccp32.lib /MANIFEST /MANIFESTUAC:"level='asInvoker' uiAccess='false'" /manifest:embed /DEBUG /PDB:"C:\Users\marian\Dropbox\c++\projekty\krypta2\Debug\SFMLlibrary.pdb" /SUBSYSTEM:WINDOWS /TLBID:1 /DYNAMICBASE /NXCOMPAT /IMPLIB:"C:\Users\marian\Dropbox\c++\projekty\krypta2\Debug\SFMLlibrary.lib" /MACHINE:X86 Debug\main.obj
     1>sfml-audio-s-d.lib(ALCheck.cpp.obj) : warning LNK4099: PDB 'vc120.pdb' was not found with 'sfml-audio-s-d.lib(ALCheck.cpp.obj)' or at 'C:\Users\marian\Dropbox\c++\projekty\krypta2\Debug\vc120.pdb'; linking object as if no debug info
     1>sfml-audio-s-d.lib(AudioDevice.cpp.obj) : warning LNK4099: PDB 'vc120.pdb' was not found with 'sfml-audio-s-d.lib(AudioDevice.cpp.obj)' or at 'C:\Users\marian\Dropbox\c++\projekty\krypta2\Debug\vc120.pdb'; linking object as if no debug info
     1>sfml-audio-s-d.lib(Sound.cpp.obj) : warning LNK4099: PDB 'vc120.pdb' was not found with 'sfml-audio-s-d.lib(Sound.cpp.obj)' or at 'C:\Users\marian\Dropbox\c++\projekty\krypta2\Debug\vc120.pdb'; linking object as if no debug info
     1>sfml-audio-s-d.lib(SoundBuffer.cpp.obj) : warning LNK4099: PDB 'vc120.pdb' was not found with 'sfml-audio-s-d.lib(SoundBuffer.cpp.obj)' or at 'C:\Users\marian\Dropbox\c++\projekty\krypta2\Debug\vc120.pdb'; linking object as if no debug info
     1>sfml-audio-s-d.lib(SoundFile.cpp.obj) : warning LNK4099: PDB 'vc120.pdb' was not found with 'sfml-audio-s-d.lib(SoundFile.cpp.obj)' or at 'C:\Users\marian\Dropbox\c++\projekty\krypta2\Debug\vc120.pdb'; linking object as if no debug info
     1>sfml-audio-s-d.lib(SoundSource.cpp.obj) : warning LNK4099: PDB 'vc120.pdb' was not found with 'sfml-audio-s-d.lib(SoundSource.cpp.obj)' or at 'C:\Users\marian\Dropbox\c++\projekty\krypta2\Debug\vc120.pdb'; linking object as if no debug info
     1>sfml-graphics-s-d.lib(BlendMode.cpp.obj) : warning LNK4099: PDB 'vc120.pdb' was not found with 'sfml-graphics-s-d.lib(BlendMode.cpp.obj)' or at 'C:\Users\marian\Dropbox\c++\projekty\krypta2\Debug\vc120.pdb'; linking object as if no debug info
     1>sfml-graphics-s-d.lib(Color.cpp.obj) : warning LNK4099: PDB 'vc120.pdb' was not found with 'sfml-graphics-s-d.lib(Color.cpp.obj)' or at 'C:\Users\marian\Dropbox\c++\projekty\krypta2\Debug\vc120.pdb'; linking object as if no debug info
     1>sfml-graphics-s-d.lib(Font.cpp.obj) : warning LNK4099: PDB 'vc120.pdb' was not found with 'sfml-graphics-s-d.lib(Font.cpp.obj)' or at 'C:\Users\marian\Dropbox\c++\projekty\krypta2\Debug\vc120.pdb'; linking object as if no debug info
     1>sfml-graphics-s-d.lib(GLCheck.cpp.obj) : warning LNK4099: PDB 'vc120.pdb' was not found with 'sfml-graphics-s-d.lib(GLCheck.cpp.obj)' or at 'C:\Users\marian\Dropbox\c++\projekty\krypta2\Debug\vc120.pdb'; linking object as if no debug info
     1>sfml-graphics-s-d.lib(GLExtensions.cpp.obj) : warning LNK4099: PDB 'vc120.pdb' was not found with 'sfml-graphics-s-d.lib(GLExtensions.cpp.obj)' or at 'C:\Users\marian\Dropbox\c++\projekty\krypta2\Debug\vc120.pdb'; linking object as if no debug info
     1>sfml-graphics-s-d.lib(Image.cpp.obj) : warning LNK4099: PDB 'vc120.pdb' was not found with 'sfml-graphics-s-d.lib(Image.cpp.obj)' or at 'C:\Users\marian\Dropbox\c++\projekty\krypta2\Debug\vc120.pdb'; linking object as if no debug info
     1>sfml-graphics-s-d.lib(ImageLoader.cpp.obj) : warning LNK4099: PDB 'vc120.pdb' was not found with 'sfml-graphics-s-d.lib(ImageLoader.cpp.obj)' or at 'C:\Users\marian\Dropbox\c++\projekty\krypta2\Debug\vc120.pdb'; linking object as if no debug info
     1>sfml-graphics-s-d.lib(RenderStates.cpp.obj) : warning LNK4099: PDB 'vc120.pdb' was not found with 'sfml-graphics-s-d.lib(RenderStates.cpp.obj)' or at 'C:\Users\marian\Dropbox\c++\projekty\krypta2\Debug\vc120.pdb'; linking object as if no debug info
     1>sfml-graphics-s-d.lib(RenderTarget.cpp.obj) : warning LNK4099: PDB 'vc120.pdb' was not found with 'sfml-graphics-s-d.lib(RenderTarget.cpp.obj)' or at 'C:\Users\marian\Dropbox\c++\projekty\krypta2\Debug\vc120.pdb'; linking object as if no debug info
     1>sfml-graphics-s-d.lib(RenderWindow.cpp.obj) : warning LNK4099: PDB 'vc120.pdb' was not found with 'sfml-graphics-s-d.lib(RenderWindow.cpp.obj)' or at 'C:\Users\marian\Dropbox\c++\projekty\krypta2\Debug\vc120.pdb'; linking object as if no debug info
     1>sfml-graphics-s-d.lib(Shader.cpp.obj) : warning LNK4099: PDB 'vc120.pdb' was not found with 'sfml-graphics-s-d.lib(Shader.cpp.obj)' or at 'C:\Users\marian\Dropbox\c++\projekty\krypta2\Debug\vc120.pdb'; linking object as if no debug info
     1>sfml-graphics-s-d.lib(Texture.cpp.obj) : warning LNK4099: PDB 'vc120.pdb' was not found with 'sfml-graphics-s-d.lib(Texture.cpp.obj)' or at 'C:\Users\marian\Dropbox\c++\projekty\krypta2\Debug\vc120.pdb'; linking object as if no debug info
     1>sfml-graphics-s-d.lib(TextureSaver.cpp.obj) : warning LNK4099: PDB 'vc120.pdb' was not found with 'sfml-graphics-s-d.lib(TextureSaver.cpp.obj)' or at 'C:\Users\marian\Dropbox\c++\projekty\krypta2\Debug\vc120.pdb'; linking object as if no debug info
     1>sfml-graphics-s-d.lib(Transform.cpp.obj) : warning LNK4099: PDB 'vc120.pdb' was not found with 'sfml-graphics-s-d.lib(Transform.cpp.obj)' or at 'C:\Users\marian\Dropbox\c++\projekty\krypta2\Debug\vc120.pdb'; linking object as if no debug info
     1>sfml-graphics-s-d.lib(Transformable.cpp.obj) : warning LNK4099: PDB 'vc120.pdb' was not found with 'sfml-graphics-s-d.lib(Transformable.cpp.obj)' or at 'C:\Users\marian\Dropbox\c++\projekty\krypta2\Debug\vc120.pdb'; linking object as if no debug info
     1>sfml-graphics-s-d.lib(View.cpp.obj) : warning LNK4099: PDB 'vc120.pdb' was not found with 'sfml-graphics-s-d.lib(View.cpp.obj)' or at 'C:\Users\marian\Dropbox\c++\projekty\krypta2\Debug\vc120.pdb'; linking object as if no debug info
     1>sfml-graphics-s-d.lib(Vertex.cpp.obj) : warning LNK4099: PDB 'vc120.pdb' was not found with 'sfml-graphics-s-d.lib(Vertex.cpp.obj)' or at 'C:\Users\marian\Dropbox\c++\projekty\krypta2\Debug\vc120.pdb'; linking object as if no debug info
     1>sfml-graphics-s-d.lib(Shape.cpp.obj) : warning LNK4099: PDB 'vc120.pdb' was not found with 'sfml-graphics-s-d.lib(Shape.cpp.obj)' or at 'C:\Users\marian\Dropbox\c++\projekty\krypta2\Debug\vc120.pdb'; linking object as if no debug info
     1>sfml-graphics-s-d.lib(RectangleShape.cpp.obj) : warning LNK4099: PDB 'vc120.pdb' was not found with 'sfml-graphics-s-d.lib(RectangleShape.cpp.obj)' or at 'C:\Users\marian\Dropbox\c++\projekty\krypta2\Debug\vc120.pdb'; linking object as if no debug info
     1>sfml-graphics-s-d.lib(Sprite.cpp.obj) : warning LNK4099: PDB 'vc120.pdb' was not found with 'sfml-graphics-s-d.lib(Sprite.cpp.obj)' or at 'C:\Users\marian\Dropbox\c++\projekty\krypta2\Debug\vc120.pdb'; linking object as if no debug info
     1>sfml-graphics-s-d.lib(Text.cpp.obj) : warning LNK4099: PDB 'vc120.pdb' was not found with 'sfml-graphics-s-d.lib(Text.cpp.obj)' or at 'C:\Users\marian\Dropbox\c++\projekty\krypta2\Debug\vc120.pdb'; linking object as if no debug info
     1>sfml-graphics-s-d.lib(VertexArray.cpp.obj) : warning LNK4099: PDB 'vc120.pdb' was not found with 'sfml-graphics-s-d.lib(VertexArray.cpp.obj)' or at 'C:\Users\marian\Dropbox\c++\projekty\krypta2\Debug\vc120.pdb'; linking object as if no debug info
     1>sfml-system-s-d.lib(Clock.cpp.obj) : warning LNK4099: PDB 'vc120.pdb' was not found with 'sfml-system-s-d.lib(Clock.cpp.obj)' or at 'C:\Users\marian\Dropbox\c++\projekty\krypta2\Debug\vc120.pdb'; linking object as if no debug info
     1>sfml-system-s-d.lib(Err.cpp.obj) : warning LNK4099: PDB 'vc120.pdb' was not found with 'sfml-system-s-d.lib(Err.cpp.obj)' or at 'C:\Users\marian\Dropbox\c++\projekty\krypta2\Debug\vc120.pdb'; linking object as if no debug info
     1>sfml-system-s-d.lib(Lock.cpp.obj) : warning LNK4099: PDB 'vc120.pdb' was not found with 'sfml-system-s-d.lib(Lock.cpp.obj)' or at 'C:\Users\marian\Dropbox\c++\projekty\krypta2\Debug\vc120.pdb'; linking object as if no debug info
     1>sfml-system-s-d.lib(Mutex.cpp.obj) : warning LNK4099: PDB 'vc120.pdb' was not found with 'sfml-system-s-d.lib(Mutex.cpp.obj)' or at 'C:\Users\marian\Dropbox\c++\projekty\krypta2\Debug\vc120.pdb'; linking object as if no debug info
     1>sfml-system-s-d.lib(Sleep.cpp.obj) : warning LNK4099: PDB 'vc120.pdb' was not found with 'sfml-system-s-d.lib(Sleep.cpp.obj)' or at 'C:\Users\marian\Dropbox\c++\projekty\krypta2\Debug\vc120.pdb'; linking object as if no debug info
     1>sfml-system-s-d.lib(String.cpp.obj) : warning LNK4099: PDB 'vc120.pdb' was not found with 'sfml-system-s-d.lib(String.cpp.obj)' or at 'C:\Users\marian\Dropbox\c++\projekty\krypta2\Debug\vc120.pdb'; linking object as if no debug info
     1>sfml-system-s-d.lib(ThreadLocal.cpp.obj) : warning LNK4099: PDB 'vc120.pdb' was not found with 'sfml-system-s-d.lib(ThreadLocal.cpp.obj)' or at 'C:\Users\marian\Dropbox\c++\projekty\krypta2\Debug\vc120.pdb'; linking object as if no debug info
     1>sfml-system-s-d.lib(Time.cpp.obj) : warning LNK4099: PDB 'vc120.pdb' was not found with 'sfml-system-s-d.lib(Time.cpp.obj)' or at 'C:\Users\marian\Dropbox\c++\projekty\krypta2\Debug\vc120.pdb'; linking object as if no debug info
     1>sfml-system-s-d.lib(ClockImpl.cpp.obj) : warning LNK4099: PDB 'vc120.pdb' was not found with 'sfml-system-s-d.lib(ClockImpl.cpp.obj)' or at 'C:\Users\marian\Dropbox\c++\projekty\krypta2\Debug\vc120.pdb'; linking object as if no debug info
     1>sfml-system-s-d.lib(MutexImpl.cpp.obj) : warning LNK4099: PDB 'vc120.pdb' was not found with 'sfml-system-s-d.lib(MutexImpl.cpp.obj)' or at 'C:\Users\marian\Dropbox\c++\projekty\krypta2\Debug\vc120.pdb'; linking object as if no debug info
     1>sfml-system-s-d.lib(SleepImpl.cpp.obj) : warning LNK4099: PDB 'vc120.pdb' was not found with 'sfml-system-s-d.lib(SleepImpl.cpp.obj)' or at 'C:\Users\marian\Dropbox\c++\projekty\krypta2\Debug\vc120.pdb'; linking object as if no debug info
     1>sfml-system-s-d.lib(ThreadLocalImpl.cpp.obj) : warning LNK4099: PDB 'vc120.pdb' was not found with 'sfml-system-s-d.lib(ThreadLocalImpl.cpp.obj)' or at 'C:\Users\marian\Dropbox\c++\projekty\krypta2\Debug\vc120.pdb'; linking object as if no debug info
     1>sfml-window-s-d.lib(Context.cpp.obj) : warning LNK4099: PDB 'vc120.pdb' was not found with 'sfml-window-s-d.lib(Context.cpp.obj)' or at 'C:\Users\marian\Dropbox\c++\projekty\krypta2\Debug\vc120.pdb'; linking object as if no debug info
     1>sfml-window-s-d.lib(GlContext.cpp.obj) : warning LNK4099: PDB 'vc120.pdb' was not found with 'sfml-window-s-d.lib(GlContext.cpp.obj)' or at 'C:\Users\marian\Dropbox\c++\projekty\krypta2\Debug\vc120.pdb'; linking object as if no debug info
     1>sfml-window-s-d.lib(GlResource.cpp.obj) : warning LNK4099: PDB 'vc120.pdb' was not found with 'sfml-window-s-d.lib(GlResource.cpp.obj)' or at 'C:\Users\marian\Dropbox\c++\projekty\krypta2\Debug\vc120.pdb'; linking object as if no debug info
     1>sfml-window-s-d.lib(Joystick.cpp.obj) : warning LNK4099: PDB 'vc120.pdb' was not found with 'sfml-window-s-d.lib(Joystick.cpp.obj)' or at 'C:\Users\marian\Dropbox\c++\projekty\krypta2\Debug\vc120.pdb'; linking object as if no debug info
     1>sfml-window-s-d.lib(JoystickManager.cpp.obj) : warning LNK4099: PDB 'vc120.pdb' was not found with 'sfml-window-s-d.lib(JoystickManager.cpp.obj)' or at 'C:\Users\marian\Dropbox\c++\projekty\krypta2\Debug\vc120.pdb'; linking object as if no debug info
     1>sfml-window-s-d.lib(Mouse.cpp.obj) : warning LNK4099: PDB 'vc120.pdb' was not found with 'sfml-window-s-d.lib(Mouse.cpp.obj)' or at 'C:\Users\marian\Dropbox\c++\projekty\krypta2\Debug\vc120.pdb'; linking object as if no debug info
     1>sfml-window-s-d.lib(SensorManager.cpp.obj) : warning LNK4099: PDB 'vc120.pdb' was not found with 'sfml-window-s-d.lib(SensorManager.cpp.obj)' or at 'C:\Users\marian\Dropbox\c++\projekty\krypta2\Debug\vc120.pdb'; linking object as if no debug info
     1>sfml-window-s-d.lib(VideoMode.cpp.obj) : warning LNK4099: PDB 'vc120.pdb' was not found with 'sfml-window-s-d.lib(VideoMode.cpp.obj)' or at 'C:\Users\marian\Dropbox\c++\projekty\krypta2\Debug\vc120.pdb'; linking object as if no debug info
     1>sfml-window-s-d.lib(Window.cpp.obj) : warning LNK4099: PDB 'vc120.pdb' was not found with 'sfml-window-s-d.lib(Window.cpp.obj)' or at 'C:\Users\marian\Dropbox\c++\projekty\krypta2\Debug\vc120.pdb'; linking object as if no debug info
     1>sfml-window-s-d.lib(WindowImpl.cpp.obj) : warning LNK4099: PDB 'vc120.pdb' was not found with 'sfml-window-s-d.lib(WindowImpl.cpp.obj)' or at 'C:\Users\marian\Dropbox\c++\projekty\krypta2\Debug\vc120.pdb'; linking object as if no debug info
     1>sfml-window-s-d.lib(WglContext.cpp.obj) : warning LNK4099: PDB 'vc120.pdb' was not found with 'sfml-window-s-d.lib(WglContext.cpp.obj)' or at 'C:\Users\marian\Dropbox\c++\projekty\krypta2\Debug\vc120.pdb'; linking object as if no debug info
     1>sfml-window-s-d.lib(InputImpl.cpp.obj) : warning LNK4099: PDB 'vc120.pdb' was not found with 'sfml-window-s-d.lib(InputImpl.cpp.obj)' or at 'C:\Users\marian\Dropbox\c++\projekty\krypta2\Debug\vc120.pdb'; linking object as if no debug info
     1>sfml-window-s-d.lib(JoystickImpl.cpp.obj) : warning LNK4099: PDB 'vc120.pdb' was not found with 'sfml-window-s-d.lib(JoystickImpl.cpp.obj)' or at 'C:\Users\marian\Dropbox\c++\projekty\krypta2\Debug\vc120.pdb'; linking object as if no debug info
     1>sfml-window-s-d.lib(SensorImpl.cpp.obj) : warning LNK4099: PDB 'vc120.pdb' was not found with 'sfml-window-s-d.lib(SensorImpl.cpp.obj)' or at 'C:\Users\marian\Dropbox\c++\projekty\krypta2\Debug\vc120.pdb'; linking object as if no debug info
     1>sfml-window-s-d.lib(VideoModeImpl.cpp.obj) : warning LNK4099: PDB 'vc120.pdb' was not found with 'sfml-window-s-d.lib(VideoModeImpl.cpp.obj)' or at 'C:\Users\marian\Dropbox\c++\projekty\krypta2\Debug\vc120.pdb'; linking object as if no debug info
     1>sfml-window-s-d.lib(WindowImplWin32.cpp.obj) : warning LNK4099: PDB 'vc120.pdb' was not found with 'sfml-window-s-d.lib(WindowImplWin32.cpp.obj)' or at 'C:\Users\marian\Dropbox\c++\projekty\krypta2\Debug\vc120.pdb'; linking object as if no debug info
         SFMLlibrary.vcxproj -> C:\Users\marian\Dropbox\c++\projekty\krypta2\Debug\SFMLlibrary.exe
     1>Done Building Project "C:\Users\marian\Dropbox\c++\projekty\krypta2\SFMLlibrary\SFMLlibrary.vcxproj" (Build target(s)).

Build succeeded.

Time Elapsed 00:00:33.21
